0 info it worked if it ends with ok
1 verbose cli [ '/opt/boxen/homebrew/Cellar/node/0.10.18/bin/node',
1 verbose cli   '/opt/boxen/homebrew/bin/npm',
1 verbose cli   'install' ]
2 info using npm@1.3.8
3 info using node@v0.10.18
4 error install Couldn't read dependencies
5 error Error: ENOENT, open '/Users/jwalsh/package.json'
6 error If you need help, you may report this log at:
6 error     <http://github.com/isaacs/npm/issues>
6 error or email it to:
6 error     <npm-@googlegroups.com>
7 error System Darwin 12.5.0
8 error command "/opt/boxen/homebrew/Cellar/node/0.10.18/bin/node" "/opt/boxen/homebrew/bin/npm" "install"
9 error cwd /Users/jwalsh/sandbox/devfest-2013-chromeapp-angular-demo/resources
10 error node -v v0.10.18
11 error npm -v 1.3.8
12 error path /Users/jwalsh/package.json
13 error code ENOENT
14 error errno 34
15 verbose exit [ 34, true ]
